<?xml version="1.0" encoding="UTF-8" ?>
<testsuite failures="0" time="0.666" errors="0" skipped="0" tests="4" name="TestSuite">
  <properties>
    <property name="java.runtime.name" value="OpenJDK Runtime Environment"/>
    <property name="sun.boot.library.path" value="/usr/lib/jvm/java-6-openjdk/jre/lib/i386"/>
    <property name="java.vm.version" value="16.0-b13"/>
    <property name="java.vm.vendor" value="Sun Microsystems Inc."/>
    <property name="java.vendor.url" value="http://java.sun.com/"/>
    <property name="path.separator" value=":"/>
    <property name="java.vm.name" value="OpenJDK Server VM"/>
    <property name="file.encoding.pkg" value="sun.io"/>
    <property name="user.country" value="FR"/>
    <property name="sun.java.launcher" value="SUN_STANDARD"/>
    <property name="sun.os.patch.level" value="unknown"/>
    <property name="java.vm.specification.name" value="Java Virtual Machine Specification"/>
    <property name="user.dir" value="/home/arronax/workspace/piazza"/>
    <property name="java.runtime.version" value="1.6.0_18-b18"/>
    <property name="java.awt.graphicsenv" value="sun.awt.X11GraphicsEnvironment"/>
    <property name="basedir" value="/home/arronax/workspace/piazza"/>
    <property name="java.endorsed.dirs" value="/usr/lib/jvm/java-6-openjdk/jre/lib/endorsed"/>
    <property name="os.arch" value="i386"/>
    <property name="surefire.real.class.path" value="/tmp/surefirebooter7722282537423185061.jar"/>
    <property name="java.io.tmpdir" value="/tmp"/>
    <property name="line.separator" value="
"/>
    <property name="java.vm.specification.vendor" value="Sun Microsystems Inc."/>
    <property name="os.name" value="Linux"/>
    <property name="sun.jnu.encoding" value="UTF-8"/>
    <property name="java.library.path" value="/usr/lib/jvm/java-6-openjdk/jre/lib/i386/server:/usr/lib/jvm/java-6-openjdk/jre/lib/i386:/usr/lib/jvm/java-6-openjdk/jre/../lib/i386:/usr/lib/jvm/java-6-openjdk/jre/lib/i386/client:/usr/lib/jvm/java-6-openjdk/jre/lib/i386:/usr/lib/xulrunner-addons:/usr/lib/xulrunner-addons:/usr/java/packages/lib/i386:/usr/lib/jni:/lib:/usr/lib"/>
    <property name="surefire.test.class.path" value="/home/arronax/workspace/piazza/target/test-classes:/home/arronax/workspace/piazza/target/classes:/home/arronax/.m2/repository/javax/transaction/jta/1.1/jta-1.1.jar:/home/arronax/.m2/repository/org/springframework/spring-core/3.0.4.RELEASE/spring-core-3.0.4.RELEASE.jar:/home/arronax/.m2/repository/org/springframework/spring-asm/3.0.4.RELEASE/spring-asm-3.0.4.RELEASE.jar:/home/arronax/.m2/repository/commons-logging/commons-logging/1.1.1/commons-logging-1.1.1.jar:/home/arronax/.m2/repository/org/springframework/spring-context/3.0.4.RELEASE/spring-context-3.0.4.RELEASE.jar:/home/arronax/.m2/repository/org/springframework/spring-aop/3.0.4.RELEASE/spring-aop-3.0.4.RELEASE.jar:/home/arronax/.m2/repository/aopalliance/aopalliance/1.0/aopalliance-1.0.jar:/home/arronax/.m2/repository/org/springframework/spring-beans/3.0.4.RELEASE/spring-beans-3.0.4.RELEASE.jar:/home/arronax/.m2/repository/org/springframework/spring-expression/3.0.4.RELEASE/spring-expression-3.0.4.RELEASE.jar:/home/arronax/.m2/repository/org/springframework/spring-orm/3.0.4.RELEASE/spring-orm-3.0.4.RELEASE.jar:/home/arronax/.m2/repository/org/springframework/spring-jdbc/3.0.4.RELEASE/spring-jdbc-3.0.4.RELEASE.jar:/home/arronax/.m2/repository/org/springframework/spring-tx/3.0.4.RELEASE/spring-tx-3.0.4.RELEASE.jar:/home/arronax/.m2/repository/org/springframework/spring-test/3.0.4.RELEASE/spring-test-3.0.4.RELEASE.jar:/home/arronax/.m2/repository/org/hibernate/hibernate/3.2.7.ga/hibernate-3.2.7.ga.jar:/home/arronax/.m2/repository/net/sf/ehcache/ehcache/1.2.3/ehcache-1.2.3.jar:/home/arronax/.m2/repository/commons-collections/commons-collections/2.1.1/commons-collections-2.1.1.jar:/home/arronax/.m2/repository/asm/asm-attrs/1.5.3/asm-attrs-1.5.3.jar:/home/arronax/.m2/repository/dom4j/dom4j/1.6.1/dom4j-1.6.1.jar:/home/arronax/.m2/repository/antlr/antlr/2.7.6/antlr-2.7.6.jar:/home/arronax/.m2/repository/cglib/cglib/2.1_3/cglib-2.1_3.jar:/home/arronax/.m2/repository/asm/asm/1.5.3/asm-1.5.3.jar:/home/arronax/.m2/repository/org/hibernate/hibernate-annotations/3.4.0.GA/hibernate-annotations-3.4.0.GA.jar:/home/arronax/.m2/repository/org/hibernate/ejb3-persistence/1.0.2.GA/ejb3-persistence-1.0.2.GA.jar:/home/arronax/.m2/repository/org/hibernate/hibernate-commons-annotations/3.1.0.GA/hibernate-commons-annotations-3.1.0.GA.jar:/home/arronax/.m2/repository/org/slf4j/slf4j-api/1.4.2/slf4j-api-1.4.2.jar:/home/arronax/.m2/repository/org/hibernate/hibernate-core/3.3.0.SP1/hibernate-core-3.3.0.SP1.jar:/home/arronax/.m2/repository/org/testng/testng/5.14/testng-5.14.jar:/home/arronax/.m2/repository/junit/junit/3.8.1/junit-3.8.1.jar:/home/arronax/.m2/repository/org/beanshell/bsh/2.0b4/bsh-2.0b4.jar:/home/arronax/.m2/repository/com/google/inject/guice/2.0/guice-2.0.jar:/home/arronax/.m2/repository/com/beust/jcommander/1.5/jcommander-1.5.jar:"/>
    <property name="java.specification.name" value="Java Platform API Specification"/>
    <property name="java.class.version" value="50.0"/>
    <property name="sun.management.compiler" value="HotSpot Tiered Compilers"/>
    <property name="os.version" value="2.6.32-24-generic"/>
    <property name="user.home" value="/home/arronax"/>
    <property name="user.timezone" value="Europe/Paris"/>
    <property name="java.awt.printerjob" value="sun.print.PSPrinterJob"/>
    <property name="file.encoding" value="UTF-8"/>
    <property name="java.specification.version" value="1.6"/>
    <property name="user.name" value="arronax"/>
    <property name="java.class.path" value="/home/arronax/workspace/piazza/target/test-classes:/home/arronax/workspace/piazza/target/classes:/home/arronax/.m2/repository/javax/transaction/jta/1.1/jta-1.1.jar:/home/arronax/.m2/repository/org/springframework/spring-core/3.0.4.RELEASE/spring-core-3.0.4.RELEASE.jar:/home/arronax/.m2/repository/org/springframework/spring-asm/3.0.4.RELEASE/spring-asm-3.0.4.RELEASE.jar:/home/arronax/.m2/repository/commons-logging/commons-logging/1.1.1/commons-logging-1.1.1.jar:/home/arronax/.m2/repository/org/springframework/spring-context/3.0.4.RELEASE/spring-context-3.0.4.RELEASE.jar:/home/arronax/.m2/repository/org/springframework/spring-aop/3.0.4.RELEASE/spring-aop-3.0.4.RELEASE.jar:/home/arronax/.m2/repository/aopalliance/aopalliance/1.0/aopalliance-1.0.jar:/home/arronax/.m2/repository/org/springframework/spring-beans/3.0.4.RELEASE/spring-beans-3.0.4.RELEASE.jar:/home/arronax/.m2/repository/org/springframework/spring-expression/3.0.4.RELEASE/spring-expression-3.0.4.RELEASE.jar:/home/arronax/.m2/repository/org/springframework/spring-orm/3.0.4.RELEASE/spring-orm-3.0.4.RELEASE.jar:/home/arronax/.m2/repository/org/springframework/spring-jdbc/3.0.4.RELEASE/spring-jdbc-3.0.4.RELEASE.jar:/home/arronax/.m2/repository/org/springframework/spring-tx/3.0.4.RELEASE/spring-tx-3.0.4.RELEASE.jar:/home/arronax/.m2/repository/org/springframework/spring-test/3.0.4.RELEASE/spring-test-3.0.4.RELEASE.jar:/home/arronax/.m2/repository/org/hibernate/hibernate/3.2.7.ga/hibernate-3.2.7.ga.jar:/home/arronax/.m2/repository/net/sf/ehcache/ehcache/1.2.3/ehcache-1.2.3.jar:/home/arronax/.m2/repository/commons-collections/commons-collections/2.1.1/commons-collections-2.1.1.jar:/home/arronax/.m2/repository/asm/asm-attrs/1.5.3/asm-attrs-1.5.3.jar:/home/arronax/.m2/repository/dom4j/dom4j/1.6.1/dom4j-1.6.1.jar:/home/arronax/.m2/repository/antlr/antlr/2.7.6/antlr-2.7.6.jar:/home/arronax/.m2/repository/cglib/cglib/2.1_3/cglib-2.1_3.jar:/home/arronax/.m2/repository/asm/asm/1.5.3/asm-1.5.3.jar:/home/arronax/.m2/repository/org/hibernate/hibernate-annotations/3.4.0.GA/hibernate-annotations-3.4.0.GA.jar:/home/arronax/.m2/repository/org/hibernate/ejb3-persistence/1.0.2.GA/ejb3-persistence-1.0.2.GA.jar:/home/arronax/.m2/repository/org/hibernate/hibernate-commons-annotations/3.1.0.GA/hibernate-commons-annotations-3.1.0.GA.jar:/home/arronax/.m2/repository/org/slf4j/slf4j-api/1.4.2/slf4j-api-1.4.2.jar:/home/arronax/.m2/repository/org/hibernate/hibernate-core/3.3.0.SP1/hibernate-core-3.3.0.SP1.jar:/home/arronax/.m2/repository/org/testng/testng/5.14/testng-5.14.jar:/home/arronax/.m2/repository/junit/junit/3.8.1/junit-3.8.1.jar:/home/arronax/.m2/repository/org/beanshell/bsh/2.0b4/bsh-2.0b4.jar:/home/arronax/.m2/repository/com/google/inject/guice/2.0/guice-2.0.jar:/home/arronax/.m2/repository/com/beust/jcommander/1.5/jcommander-1.5.jar:"/>
    <property name="java.vm.specification.version" value="1.0"/>
    <property name="sun.arch.data.model" value="32"/>
    <property name="java.home" value="/usr/lib/jvm/java-6-openjdk/jre"/>
    <property name="java.specification.vendor" value="Sun Microsystems Inc."/>
    <property name="user.language" value="fr"/>
    <property name="java.vm.info" value="mixed mode"/>
    <property name="java.version" value="1.6.0_18"/>
    <property name="java.ext.dirs" value="/usr/lib/jvm/java-6-openjdk/jre/lib/ext:/usr/java/packages/lib/ext"/>
    <property name="sun.boot.class.path" value="/usr/lib/jvm/java-6-openjdk/jre/lib/resources.jar:/usr/lib/jvm/java-6-openjdk/jre/lib/rt.jar:/usr/lib/jvm/java-6-openjdk/jre/lib/sunrsasign.jar:/usr/lib/jvm/java-6-openjdk/jre/lib/jsse.jar:/usr/lib/jvm/java-6-openjdk/jre/lib/jce.jar:/usr/lib/jvm/java-6-openjdk/jre/lib/charsets.jar:/usr/lib/jvm/java-6-openjdk/jre/lib/rhino.jar:/usr/lib/jvm/java-6-openjdk/jre/classes"/>
    <property name="java.vendor" value="Sun Microsystems Inc."/>
    <property name="localRepository" value="/home/arronax/.m2/repository"/>
    <property name="file.separator" value="/"/>
    <property name="java.vendor.url.bug" value="http://java.sun.com/cgi-bin/bugreport.cgi"/>
    <property name="sun.cpu.endian" value="little"/>
    <property name="sun.io.unicode.encoding" value="UnicodeLittle"/>
    <property name="sun.desktop" value="gnome"/>
    <property name="sun.cpu.isalist" value=""/>
  </properties>
  <testcase time="0.025" classname="com.gardin.piazza.domain.UserTests" name="testGetAndSetCountry"/>
  <testcase time="0" classname="com.gardin.piazza.domain.UserTests" name="testGetAndSetEmail"/>
  <testcase time="0" classname="com.gardin.piazza.domain.UserTests" name="testGetAndSetFirstName"/>
  <testcase time="0" classname="com.gardin.piazza.domain.UserTests" name="testGetAndSetID"/>
</testsuite>